<?xml version="1.0" encoding="UTF-8"?>
<!-- Generated by org.testng.reporters.JUnitXMLReporter -->
<testsuite ignored="2" hostname="DESKTOP-AIGVO6J" failures="1" tests="1" name="Test(failed)" time="0.041" errors="0" timestamp="2023-03-26T12:11:34 IST">
  <testcase classname="testNGpack.Demo2" name="dm1" time="0.008">
    <failure type="java.lang.ArithmeticException" message="/ by zero">
      <![CDATA[java.lang.ArithmeticException: / by zero
at testNGpack.Demo2.dm1(Demo2.java:12)
at java.base/java.util.ArrayList.forEach(ArrayList.java:1511)
... Removed 27 stack frames]]>
    </failure>
  </testcase> <!-- dm1 -->
  <testcase classname="testNGpack.Demo2" name="dm2" time="0.0">
    <ignored/>
  </testcase> <!-- dm2 -->
  <testcase classname="testNGpack.Demo2" name="dm3" time="0.0">
    <ignored/>
  </testcase> <!-- dm3 -->
</testsuite> <!-- Test(failed) -->
