<?xml version="1.0" encoding="UTF-8"?>
<!-- Generated by org.testng.reporters.JUnitXMLReporter -->
<testsuite ignored="0" hostname="DESKTOP-AIGVO6J" failures="1" tests="9" name="Test" time="0.088" errors="0" timestamp="2023-03-26T12:04:23 IST">
  <testcase classname="testNGpack.Demo" name="f" time="0.006"/>
  <testcase classname="testNGpack.Demo" name="m1" time="0.003"/>
  <testcase classname="testNGpack.Demo" name="m2" time="0.001"/>
  <testcase classname="testNGpack.Demo2" name="dm1" time="0.002">
    <failure type="java.lang.ArithmeticException" message="/ by zero">
      <![CDATA[java.lang.ArithmeticException: / by zero
at testNGpack.Demo2.dm1(Demo2.java:12)
at java.base/java.util.ArrayList.forEach(ArrayList.java:1511)
... Removed 27 stack frames]]>
    </failure>
  </testcase> <!-- dm1 -->
  <testcase classname="testNGpack.Demo2" name="dm2" time="0.002"/>
  <testcase classname="testNGpack.Demo2" name="dm3" time="0.004"/>
  <testcase classname="testNGpack.Demo3" name="dm3" time="0.001"/>
  <testcase classname="testNGpack.Demo3" name="dm4" time="0.001"/>
  <testcase classname="testNGpack.Demo3" name="dm5" time="0.001"/>
</testsuite> <!-- Test -->
