<?xml version="1.0" encoding="UTF-8"?>
<!-- Generated by org.testng.reporters.JUnitXMLReporter -->
<testsuite ignored="2" hostname="DESKTOP-AIGVO6J" failures="0" tests="1" name="Default test(failed)(failed)" time="0.073" errors="0" timestamp="2023-03-26T12:02:30 IST">
  <testcase classname="testNGpack.Demo2" name="dm1" time="0.011"/>
  <testcase classname="testNGpack.Demo2" name="dm2" time="0.0">
    <ignored/>
  </testcase> <!-- dm2 -->
  <testcase classname="testNGpack.Demo2" name="dm3" time="0.0">
    <ignored/>
  </testcase> <!-- dm3 -->
</testsuite> <!-- Default test(failed)(failed) -->
